[debug] [2023-04-21T17:22:09.333Z] ----------------------------------------------------------------------
[debug] [2023-04-21T17:22:09.335Z] Command:       C:\Program Files\nodejs\node.exe C:\Users\hp\AppData\Roaming\npm\node_modules\firebase-tools\lib\bin\firebase.js emulators:start
[debug] [2023-04-21T17:22:09.335Z] CLI Version:   11.25.3
[debug] [2023-04-21T17:22:09.335Z] Platform:      win32
[debug] [2023-04-21T17:22:09.336Z] Node Version:  v18.12.1
[debug] [2023-04-21T17:22:09.336Z] Time:          Fri Apr 21 2023 20:22:09 GMT+0300 (East Africa Time)
[debug] [2023-04-21T17:22:09.337Z] ----------------------------------------------------------------------
[debug] 
[debug] [2023-04-21T17:22:09.342Z] >>> [apiv2][query] GET https://firebase-public.firebaseio.com/cli.json [none]
[debug] [2023-04-21T17:22:09.499Z] > command requires scopes: ["email","openid","https://www.googleapis.com/auth/cloudplatformprojects.readonly","https://www.googleapis.com/auth/firebase","https://www.googleapis.com/auth/cloud-platform"]
[debug] [2023-04-21T17:22:09.500Z] > authorizing via signed-in user (fitsumtlhn@gmail.com)
[info] i  emulators: Starting emulators: functions, hosting {"metadata":{"emulator":{"name":"hub"},"message":"Starting emulators: functions, hosting"}}
[debug] [2023-04-21T17:22:09.518Z] [logging] Logging Emulator only supports listening on one address (127.0.0.1). Not listening on ::1
[debug] [2023-04-21T17:22:09.519Z] [hosting] Hosting Emulator only supports listening on one address (127.0.0.1). Not listening on ::1
[debug] [2023-04-21T17:22:09.519Z] assigned listening specs for emulators {"user":{"hub":[{"address":"127.0.0.1","family":"IPv4","port":4400},{"address":"::1","family":"IPv6","port":4400}],"ui":[{"address":"127.0.0.1","family":"IPv4","port":4000},{"address":"::1","family":"IPv6","port":4000}],"logging":[{"address":"127.0.0.1","family":"IPv4","port":4500}],"hosting":[{"address":"127.0.0.1","family":"IPv4","port":5000}]},"metadata":{"message":"assigned listening specs for emulators"}}
[debug] [2023-04-21T17:22:09.536Z] [hub] writing locator at C:\Users\hp\AppData\Local\Temp\hub-cleaver-clone.json
[debug] [2023-04-21T17:22:09.607Z] [functions] Functions Emulator only supports listening on one address (127.0.0.1). Not listening on ::1
[debug] [2023-04-21T17:22:09.607Z] [eventarc] Eventarc Emulator only supports listening on one address (127.0.0.1). Not listening on ::1
[debug] [2023-04-21T17:22:09.607Z] late-assigned ports for functions and eventarc emulators {"user":{"hub":[{"address":"127.0.0.1","family":"IPv4","port":4400},{"address":"::1","family":"IPv6","port":4400}],"ui":[{"address":"127.0.0.1","family":"IPv4","port":4000},{"address":"::1","family":"IPv6","port":4000}],"logging":[{"address":"127.0.0.1","family":"IPv4","port":4500}],"hosting":[{"address":"127.0.0.1","family":"IPv4","port":5000}],"functions":[{"address":"127.0.0.1","family":"IPv4","port":5001}],"eventarc":[{"address":"127.0.0.1","family":"IPv4","port":9299}]},"metadata":{"message":"late-assigned ports for functions and eventarc emulators"}}
[warn] !  functions: The following emulators are not running, calls to these services from the Functions emulator will affect production: auth, firestore, database, pubsub, storage {"metadata":{"emulator":{"name":"functions"},"message":"The following emulators are not running, calls to these services from the Functions emulator will affect production: \u001b[1mauth, firestore, database, pubsub, storage\u001b[22m"}}
[debug] [2023-04-21T17:22:09.619Z] defaultcredentials: writing to file C:\Users\hp\AppData\Roaming\firebase\fitsumtlhn_gmail_com_application_default_credentials.json
[debug] [2023-04-21T17:22:09.625Z] Setting GAC to C:\Users\hp\AppData\Roaming\firebase\fitsumtlhn_gmail_com_application_default_credentials.json {"metadata":{"emulator":{"name":"functions"},"message":"Setting GAC to C:\\Users\\hp\\AppData\\Roaming\\firebase\\fitsumtlhn_gmail_com_application_default_credentials.json"}}
[debug] [2023-04-21T17:22:09.627Z] > refreshing access token with scopes: []
[debug] [2023-04-21T17:22:09.629Z] >>> [apiv2][query] POST https://www.googleapis.com/oauth2/v3/token [none]
[debug] [2023-04-21T17:22:09.629Z] >>> [apiv2][body] POST https://www.googleapis.com/oauth2/v3/token [omitted]
[debug] [2023-04-21T17:22:10.824Z] <<< [apiv2][status] GET https://firebase-public.firebaseio.com/cli.json 200
[debug] [2023-04-21T17:22:10.824Z] <<< [apiv2][body] GET https://firebase-public.firebaseio.com/cli.json {"cloudBuildErrorAfter":1594252800000,"cloudBuildWarnAfter":1590019200000,"defaultNode10After":1594252800000,"minVersion":"3.0.5","node8DeploysDisabledAfter":1613390400000,"node8RuntimeDisabledAfter":1615809600000,"node8WarnAfter":1600128000000}
[debug] [2023-04-21T17:22:11.258Z] <<< [apiv2][status] POST https://www.googleapis.com/oauth2/v3/token 200
[debug] [2023-04-21T17:22:11.258Z] <<< [apiv2][body] POST https://www.googleapis.com/oauth2/v3/token [omitted]
[debug] [2023-04-21T17:22:11.290Z] >>> [apiv2][query] GET https://firebase.googleapis.com/v1beta1/projects/cleaver-clone/adminSdkConfig [none]
[debug] [2023-04-21T17:22:12.587Z] <<< [apiv2][status] GET https://firebase.googleapis.com/v1beta1/projects/cleaver-clone/adminSdkConfig 200
[debug] [2023-04-21T17:22:12.587Z] <<< [apiv2][body] GET https://firebase.googleapis.com/v1beta1/projects/cleaver-clone/adminSdkConfig {"projectId":"cleaver-clone","storageBucket":"cleaver-clone.appspot.com"}
[debug] [2023-04-21T17:22:12.648Z] >>> [apiv2][query] GET https://firebasehosting.googleapis.com/v1beta1/projects/cleaver-clone/sites 
[debug] [2023-04-21T17:22:15.351Z] <<< [apiv2][status] GET https://firebasehosting.googleapis.com/v1beta1/projects/cleaver-clone/sites 200
[debug] [2023-04-21T17:22:15.352Z] <<< [apiv2][body] GET https://firebasehosting.googleapis.com/v1beta1/projects/cleaver-clone/sites {"sites":[{"name":"projects/cleaver-clone/sites/cleaver-clone","defaultUrl":"https://cleaver-clone.web.app","appId":"1:643899270899:web:5ec459989caf7a5fd4f986","type":"DEFAULT_SITE"}]}
[debug] [2023-04-21T17:22:15.353Z] >>> [apiv2][query] GET https://firebase.googleapis.com/v1beta1/projects/cleaver-clone/webApps/1:643899270899:web:5ec459989caf7a5fd4f986/config [none]
[debug] [2023-04-21T17:22:19.103Z] <<< [apiv2][status] GET https://firebase.googleapis.com/v1beta1/projects/cleaver-clone/webApps/1:643899270899:web:5ec459989caf7a5fd4f986/config 200
[debug] [2023-04-21T17:22:19.103Z] <<< [apiv2][body] GET https://firebase.googleapis.com/v1beta1/projects/cleaver-clone/webApps/1:643899270899:web:5ec459989caf7a5fd4f986/config {"projectId":"cleaver-clone","appId":"1:643899270899:web:5ec459989caf7a5fd4f986","storageBucket":"cleaver-clone.appspot.com","apiKey":"AIzaSyAhElM3ZVpnRP4RxizZTLr_Fr7klhLbH6o","authDomain":"cleaver-clone.firebaseapp.com","messagingSenderId":"643899270899","measurementId":"G-VQTW54Q8XH"}
[debug] [2023-04-21T17:22:19.117Z] >>> [apiv2][query] GET https://firebase.googleapis.com/v1beta1/projects/cleaver-clone [none]
[debug] [2023-04-21T17:22:20.397Z] <<< [apiv2][status] GET https://firebase.googleapis.com/v1beta1/projects/cleaver-clone 200
[debug] [2023-04-21T17:22:20.398Z] <<< [apiv2][body] GET https://firebase.googleapis.com/v1beta1/projects/cleaver-clone {"projectId":"cleaver-clone","projectNumber":"643899270899","displayName":"CleaverAmazon-Clone","name":"projects/cleaver-clone","resources":{"hostingSite":"cleaver-clone"},"state":"ACTIVE","etag":"1_248fe18d-3221-4f66-98cb-78f80150c992"}
[info] i  hosting[cleaver-clone]: Serving hosting files from: build {"metadata":{"emulator":{"name":"hosting"},"message":"Serving hosting files from: \u001b[1mbuild\u001b[22m"}}
[info] +  hosting[cleaver-clone]: Local server: http://127.0.0.1:5000 {"metadata":{"emulator":{"name":"hosting"},"message":"Local server: \u001b[4m\u001b[1mhttp://127.0.0.1:5000\u001b[22m\u001b[24m"}}
[debug] [2023-04-21T17:22:20.473Z] Ignoring unsupported arg: auto_download {"metadata":{"emulator":{"name":"ui"},"message":"Ignoring unsupported arg: auto_download"}}
[debug] [2023-04-21T17:22:20.473Z] Ignoring unsupported arg: port {"metadata":{"emulator":{"name":"ui"},"message":"Ignoring unsupported arg: port"}}
[debug] [2023-04-21T17:22:20.474Z] Starting Emulator UI with command {"binary":"node","args":["C:\\Users\\hp\\.cache\\firebase\\emulators\\ui-v1.11.5\\server\\server.js"],"optionalArgs":[],"joinArgs":false} {"metadata":{"emulator":{"name":"ui"},"message":"Starting Emulator UI with command {\"binary\":\"node\",\"args\":[\"C:\\\\Users\\\\hp\\\\.cache\\\\firebase\\\\emulators\\\\ui-v1.11.5\\\\server\\\\server.js\"],\"optionalArgs\":[],\"joinArgs\":false}"}}
[info] i  ui: Emulator UI logging to ui-debug.log {"metadata":{"emulator":{"name":"ui"},"message":"Emulator UI logging to \u001b[1mui-debug.log\u001b[22m"}}
[debug] [2023-04-21T17:22:20.689Z] Web / API server started at 127.0.0.1:4000
 {"metadata":{"emulator":{"name":"ui"},"message":"Web / API server started at 127.0.0.1:4000\n"}}
[debug] [2023-04-21T17:22:20.690Z] Web / API server started at ::1:4000
 {"metadata":{"emulator":{"name":"ui"},"message":"Web / API server started at ::1:4000\n"}}
[info] i  functions: Watching "C:\Evangadi\Final Projects\CleaverProgrammer\cleaver-amazon\functions" for Cloud Functions... {"metadata":{"emulator":{"name":"functions"},"message":"Watching \"C:\\Evangadi\\Final Projects\\CleaverProgrammer\\cleaver-amazon\\functions\" for Cloud Functions..."}}
[debug] [2023-04-21T17:22:20.792Z] Validating nodejs source
[warn] !  functions: package.json indicates an outdated version of firebase-functions. Please upgrade using npm install --save firebase-functions@latest in your functions directory. 
[debug] [2023-04-21T17:22:23.107Z] > [functions] package.json contents: {
  "name": "functions",
  "description": "Cloud Functions for Firebase",
  "scripts": {
    "lint": "eslint .",
    "serve": "firebase emulators:start --only functions",
    "shell": "firebase functions:shell",
    "start": "npm run shell",
    "deploy": "firebase deploy --only functions",
    "logs": "firebase functions:log"
  },
  "engines": {
    "node": "16"
  },
  "main": "index.js",
  "dependencies": {
    "cors": "^2.8.5",
    "express": "^4.18.2",
    "firebase-admin": "^11.5.0",
    "firebase-functions": "^4.2.1",
    "stripe": "^11.15.0"
  },
  "devDependencies": {
    "eslint": "^8.15.0",
    "eslint-config-google": "^0.14.0",
    "firebase-functions-test": "^3.0.0"
  },
  "private": true
}
[debug] [2023-04-21T17:22:23.108Z] Building nodejs source
[debug] [2023-04-21T17:22:23.108Z] Failed to find version of module node: reached end of search path C:\Evangadi\Final Projects\CleaverProgrammer\cleaver-amazon\functions\node_modules
[warn] !  functions: Your requested "node" version "16" doesn't match your global version "18". Using node@18 from host. 
[debug] [2023-04-21T17:22:23.112Z] Could not find functions.yaml. Must use http discovery
[debug] [2023-04-21T17:22:23.125Z] Found firebase-functions binary at 'C:\Evangadi\Final Projects\CleaverProgrammer\cleaver-amazon\functions\node_modules\.bin\firebase-functions'
[debug] [2023-04-21T17:22:23.803Z] Serving at port 8151

[debug] [2023-04-21T17:22:24.841Z] Got response from /__/functions.yaml {"endpoints":{"api":{"platform":"gcfv1","availableMemoryMb":null,"timeoutSeconds":null,"minInstances":null,"maxInstances":null,"ingressSettings":null,"serviceAccountEmail":null,"vpc":null,"httpsTrigger":{},"entryPoint":"api"}},"specVersion":"v1alpha1","requiredAPIs":[]}
[debug] [2023-04-21T17:22:24.851Z] shutdown requested via /__/quitquitquit

[info] +  functions: Loaded functions definitions from source: api. {"metadata":{"emulator":{"name":"functions"},"message":"Loaded functions definitions from source: api."}}
[info] +  functions[us-central1-api]: http function initialized (http://127.0.0.1:5001/cleaver-clone/us-central1/api). {"metadata":{"emulator":{"name":"functions"},"message":"\u001b[1mhttp\u001b[22m function initialized (http://127.0.0.1:5001/cleaver-clone/us-central1/api)."}}
[info] 
┌─────────────────────────────────────────────────────────────┐
│ ✔  All emulators ready! It is now safe to connect your app. │
│ i  View Emulator UI at http://127.0.0.1:4000/               │
└─────────────────────────────────────────────────────────────┘

┌───────────┬────────────────┬─────────────────────────────────┐
│ Emulator  │ Host:Port      │ View in Emulator UI             │
├───────────┼────────────────┼─────────────────────────────────┤
│ Functions │ 127.0.0.1:5001 │ http://127.0.0.1:4000/functions │
├───────────┼────────────────┼─────────────────────────────────┤
│ Hosting   │ 127.0.0.1:5000 │ n/a                             │
└───────────┴────────────────┴─────────────────────────────────┘
  Emulator Hub running at 127.0.0.1:4400
  Other reserved ports: 4500

Issues? Report them at https://github.com/firebase/firebase-tools/issues and attach the *-debug.log files.
 
[debug] [2023-04-21T17:22:58.299Z] [work-queue] {"queuedWork":["/cleaver-clone/us-central1/api-2023-04-21T17:22:58.299Z"],"queueLength":1,"runningWork":[],"workRunningCount":0}
[debug] [2023-04-21T17:22:58.300Z] [work-queue] {"queuedWork":[],"queueLength":0,"runningWork":["/cleaver-clone/us-central1/api-2023-04-21T17:22:58.299Z"],"workRunningCount":1}
[debug] [2023-04-21T17:22:58.307Z] Accepted request GET /cleaver-clone/us-central1/api --> us-central1-api
[debug] [2023-04-21T17:22:58.327Z] [functions] Runtime ready! Sending request! {"metadata":{"emulator":{"name":"functions"},"message":"[functions] Runtime ready! Sending request!"}}
[debug] [2023-04-21T17:22:58.329Z] [functions] Got req.url=/cleaver-clone/us-central1/api, mapping to path=/ {"metadata":{"emulator":{"name":"functions"},"message":"[functions] Got req.url=/cleaver-clone/us-central1/api, mapping to path=/"}}
[debug] [2023-04-21T17:22:58.367Z] [worker-pool] addWorker(us-central1-api) {"metadata":{"emulator":{"name":"functions"},"message":"[worker-pool] addWorker(us-central1-api)"}}
[debug] [2023-04-21T17:22:58.372Z] [worker-pool] Adding worker with key us-central1-api, total=1 {"metadata":{"emulator":{"name":"functions"},"message":"[worker-pool] Adding worker with key us-central1-api, total=1"}}
[debug] [2023-04-21T17:23:00.931Z] [runtime-status] [14768] Resolved module firebase-admin {"declared":true,"installed":true,"version":"11.5.0","resolution":"C:\\Evangadi\\Final Projects\\CleaverProgrammer\\cleaver-amazon\\functions\\node_modules\\firebase-admin\\lib\\index.js"} {"metadata":{"emulator":{"name":"functions"},"function":{"name":"us-central1-api"},"extension":{},"message":"[runtime-status] [14768] Resolved module firebase-admin {\"declared\":true,\"installed\":true,\"version\":\"11.5.0\",\"resolution\":\"C:\\\\Evangadi\\\\Final Projects\\\\CleaverProgrammer\\\\cleaver-amazon\\\\functions\\\\node_modules\\\\firebase-admin\\\\lib\\\\index.js\"}"}}
[debug] [2023-04-21T17:23:00.933Z] [runtime-status] [14768] Resolved module firebase-functions {"declared":true,"installed":true,"version":"4.2.1","resolution":"C:\\Evangadi\\Final Projects\\CleaverProgrammer\\cleaver-amazon\\functions\\node_modules\\firebase-functions\\lib\\v1\\index.js"} {"metadata":{"emulator":{"name":"functions"},"function":{"name":"us-central1-api"},"extension":{},"message":"[runtime-status] [14768] Resolved module firebase-functions {\"declared\":true,\"installed\":true,\"version\":\"4.2.1\",\"resolution\":\"C:\\\\Evangadi\\\\Final Projects\\\\CleaverProgrammer\\\\cleaver-amazon\\\\functions\\\\node_modules\\\\firebase-functions\\\\lib\\\\v1\\\\index.js\"}"}}
[debug] [2023-04-21T17:23:00.934Z] [runtime-status] [14768] Outgoing network have been stubbed. [{"name":"http","status":"mocked"},{"name":"http","status":"mocked"},{"name":"https","status":"mocked"},{"name":"https","status":"mocked"},{"name":"net","status":"mocked"}] {"metadata":{"emulator":{"name":"functions"},"function":{"name":"us-central1-api"},"extension":{},"message":"[runtime-status] [14768] Outgoing network have been stubbed. [{\"name\":\"http\",\"status\":\"mocked\"},{\"name\":\"http\",\"status\":\"mocked\"},{\"name\":\"https\",\"status\":\"mocked\"},{\"name\":\"https\",\"status\":\"mocked\"},{\"name\":\"net\",\"status\":\"mocked\"}]"}}
[debug] [2023-04-21T17:23:00.937Z] [runtime-status] [14768] Resolved module firebase-functions {"declared":true,"installed":true,"version":"4.2.1","resolution":"C:\\Evangadi\\Final Projects\\CleaverProgrammer\\cleaver-amazon\\functions\\node_modules\\firebase-functions\\lib\\v1\\index.js"} {"metadata":{"emulator":{"name":"functions"},"function":{"name":"us-central1-api"},"extension":{},"message":"[runtime-status] [14768] Resolved module firebase-functions {\"declared\":true,\"installed\":true,\"version\":\"4.2.1\",\"resolution\":\"C:\\\\Evangadi\\\\Final Projects\\\\CleaverProgrammer\\\\cleaver-amazon\\\\functions\\\\node_modules\\\\firebase-functions\\\\lib\\\\v1\\\\index.js\"}"}}
[debug] [2023-04-21T17:23:01.498Z] [runtime-status] [14768] Checked functions.config() {"config":{}} {"metadata":{"emulator":{"name":"functions"},"function":{"name":"us-central1-api"},"extension":{},"message":"[runtime-status] [14768] Checked functions.config() {\"config\":{}}"}}
[debug] [2023-04-21T17:23:01.498Z] [runtime-status] [14768] firebase-functions has been stubbed. {"functionsResolution":{"declared":true,"installed":true,"version":"4.2.1","resolution":"C:\\Evangadi\\Final Projects\\CleaverProgrammer\\cleaver-amazon\\functions\\node_modules\\firebase-functions\\lib\\v1\\index.js"}} {"metadata":{"emulator":{"name":"functions"},"function":{"name":"us-central1-api"},"extension":{},"message":"[runtime-status] [14768] firebase-functions has been stubbed. {\"functionsResolution\":{\"declared\":true,\"installed\":true,\"version\":\"4.2.1\",\"resolution\":\"C:\\\\Evangadi\\\\Final Projects\\\\CleaverProgrammer\\\\cleaver-amazon\\\\functions\\\\node_modules\\\\firebase-functions\\\\lib\\\\v1\\\\index.js\"}}"}}
[debug] [2023-04-21T17:23:01.500Z] [runtime-status] [14768] Resolved module firebase-functions {"declared":true,"installed":true,"version":"4.2.1","resolution":"C:\\Evangadi\\Final Projects\\CleaverProgrammer\\cleaver-amazon\\functions\\node_modules\\firebase-functions\\lib\\v1\\index.js"} {"metadata":{"emulator":{"name":"functions"},"function":{"name":"us-central1-api"},"extension":{},"message":"[runtime-status] [14768] Resolved module firebase-functions {\"declared\":true,\"installed\":true,\"version\":\"4.2.1\",\"resolution\":\"C:\\\\Evangadi\\\\Final Projects\\\\CleaverProgrammer\\\\cleaver-amazon\\\\functions\\\\node_modules\\\\firebase-functions\\\\lib\\\\v1\\\\index.js\"}"}}
[debug] [2023-04-21T17:23:01.505Z] [runtime-status] [14768] Resolved module firebase-admin {"declared":true,"installed":true,"version":"11.5.0","resolution":"C:\\Evangadi\\Final Projects\\CleaverProgrammer\\cleaver-amazon\\functions\\node_modules\\firebase-admin\\lib\\index.js"} {"metadata":{"emulator":{"name":"functions"},"function":{"name":"us-central1-api"},"extension":{},"message":"[runtime-status] [14768] Resolved module firebase-admin {\"declared\":true,\"installed\":true,\"version\":\"11.5.0\",\"resolution\":\"C:\\\\Evangadi\\\\Final Projects\\\\CleaverProgrammer\\\\cleaver-amazon\\\\functions\\\\node_modules\\\\firebase-admin\\\\lib\\\\index.js\"}"}}
[debug] [2023-04-21T17:23:01.521Z] [runtime-status] [14768] Resolved module firebase-functions {"declared":true,"installed":true,"version":"4.2.1","resolution":"C:\\Evangadi\\Final Projects\\CleaverProgrammer\\cleaver-amazon\\functions\\node_modules\\firebase-functions\\lib\\v1\\index.js"} {"metadata":{"emulator":{"name":"functions"},"function":{"name":"us-central1-api"},"extension":{},"message":"[runtime-status] [14768] Resolved module firebase-functions {\"declared\":true,\"installed\":true,\"version\":\"4.2.1\",\"resolution\":\"C:\\\\Evangadi\\\\Final Projects\\\\CleaverProgrammer\\\\cleaver-amazon\\\\functions\\\\node_modules\\\\firebase-functions\\\\lib\\\\v1\\\\index.js\"}"}}
[debug] [2023-04-21T17:23:01.522Z] [runtime-status] [14768] firebase-admin has been stubbed. {"adminResolution":{"declared":true,"installed":true,"version":"11.5.0","resolution":"C:\\Evangadi\\Final Projects\\CleaverProgrammer\\cleaver-amazon\\functions\\node_modules\\firebase-admin\\lib\\index.js"}} {"metadata":{"emulator":{"name":"functions"},"function":{"name":"us-central1-api"},"extension":{},"message":"[runtime-status] [14768] firebase-admin has been stubbed. {\"adminResolution\":{\"declared\":true,\"installed\":true,\"version\":\"11.5.0\",\"resolution\":\"C:\\\\Evangadi\\\\Final Projects\\\\CleaverProgrammer\\\\cleaver-amazon\\\\functions\\\\node_modules\\\\firebase-admin\\\\lib\\\\index.js\"}}"}}
[debug] [2023-04-21T17:23:01.878Z] [runtime-status] [14768] Functions runtime initialized. {"cwd":"C:\\Evangadi\\Final Projects\\CleaverProgrammer\\cleaver-amazon\\functions","node_version":"18.12.1"} {"metadata":{"emulator":{"name":"functions"},"function":{"name":"us-central1-api"},"extension":{},"message":"[runtime-status] [14768] Functions runtime initialized. {\"cwd\":\"C:\\\\Evangadi\\\\Final Projects\\\\CleaverProgrammer\\\\cleaver-amazon\\\\functions\",\"node_version\":\"18.12.1\"}"}}
[debug] [2023-04-21T17:23:01.879Z] [runtime-status] [14768] Listening to port: \\?\pipe\fire_emu_b2f17693068ced45 {"metadata":{"emulator":{"name":"functions"},"function":{"name":"us-central1-api"},"extension":{},"message":"[runtime-status] [14768] Listening to port: \\\\?\\pipe\\fire_emu_b2f17693068ced45"}}
[debug] [2023-04-21T17:23:02.009Z] [worker-us-central1-api-9fa296e7-c256-4857-bc15-ce423a906952]: IDLE {"metadata":{"emulator":{"name":"functions"},"function":{"name":"us-central1-api"},"extension":{},"message":"[worker-us-central1-api-9fa296e7-c256-4857-bc15-ce423a906952]: IDLE"}}
[debug] [2023-04-21T17:23:02.012Z] [worker-pool] submitRequest(triggerId=us-central1-api) {"metadata":{"emulator":{"name":"functions"},"message":"[worker-pool] submitRequest(triggerId=us-central1-api)"}}
[info] i  functions: Beginning execution of "us-central1-api" {"metadata":{"emulator":{"name":"functions"},"function":{"name":"us-central1-api"},"extension":{},"message":"Beginning execution of \"us-central1-api\""}}
[debug] [2023-04-21T17:23:02.017Z] [worker-us-central1-api-9fa296e7-c256-4857-bc15-ce423a906952]: BUSY {"metadata":{"emulator":{"name":"functions"},"function":{"name":"us-central1-api"},"extension":{},"message":"[worker-us-central1-api-9fa296e7-c256-4857-bc15-ce423a906952]: BUSY"}}
[info] i  functions: Finished "us-central1-api" in 80.1361ms {"metadata":{"emulator":{"name":"functions"},"function":{"name":"us-central1-api"},"extension":{},"message":"Finished \"us-central1-api\" in 80.1361ms"}}
[debug] [2023-04-21T17:23:02.101Z] [worker-us-central1-api-9fa296e7-c256-4857-bc15-ce423a906952]: IDLE {"metadata":{"emulator":{"name":"functions"},"function":{"name":"us-central1-api"},"extension":{},"message":"[worker-us-central1-api-9fa296e7-c256-4857-bc15-ce423a906952]: IDLE"}}
[debug] [2023-04-21T17:23:02.104Z] [work-queue] {"queuedWork":[],"queueLength":0,"runningWork":[],"workRunningCount":0}
[debug] [2023-04-21T17:23:02.278Z] Functions emulator received unknown request at path /favicon.ico
[debug] [2023-04-21T17:23:31.418Z] [work-queue] {"queuedWork":["/cleaver-clone/us-central1/api-2023-04-21T17:23:31.418Z"],"queueLength":1,"runningWork":[],"workRunningCount":0}
[debug] [2023-04-21T17:23:31.419Z] [work-queue] {"queuedWork":[],"queueLength":0,"runningWork":["/cleaver-clone/us-central1/api-2023-04-21T17:23:31.418Z"],"workRunningCount":1}
[debug] [2023-04-21T17:23:31.419Z] Accepted request GET /cleaver-clone/us-central1/api --> us-central1-api
[debug] [2023-04-21T17:23:31.430Z] [functions] Runtime ready! Sending request! {"metadata":{"emulator":{"name":"functions"},"message":"[functions] Runtime ready! Sending request!"}}
[debug] [2023-04-21T17:23:31.431Z] [functions] Got req.url=/cleaver-clone/us-central1/api, mapping to path=/ {"metadata":{"emulator":{"name":"functions"},"message":"[functions] Got req.url=/cleaver-clone/us-central1/api, mapping to path=/"}}
[debug] [2023-04-21T17:23:31.433Z] [worker-pool] submitRequest(triggerId=us-central1-api) {"metadata":{"emulator":{"name":"functions"},"message":"[worker-pool] submitRequest(triggerId=us-central1-api)"}}
[info] i  functions: Beginning execution of "us-central1-api" {"metadata":{"emulator":{"name":"functions"},"function":{"name":"us-central1-api"},"extension":{},"message":"Beginning execution of \"us-central1-api\""}}
[debug] [2023-04-21T17:23:31.436Z] [worker-us-central1-api-9fa296e7-c256-4857-bc15-ce423a906952]: BUSY {"metadata":{"emulator":{"name":"functions"},"function":{"name":"us-central1-api"},"extension":{},"message":"[worker-us-central1-api-9fa296e7-c256-4857-bc15-ce423a906952]: BUSY"}}
[info] i  functions: Finished "us-central1-api" in 8.6675ms {"metadata":{"emulator":{"name":"functions"},"function":{"name":"us-central1-api"},"extension":{},"message":"Finished \"us-central1-api\" in 8.6675ms"}}
[debug] [2023-04-21T17:23:31.448Z] [worker-us-central1-api-9fa296e7-c256-4857-bc15-ce423a906952]: IDLE {"metadata":{"emulator":{"name":"functions"},"function":{"name":"us-central1-api"},"extension":{},"message":"[worker-us-central1-api-9fa296e7-c256-4857-bc15-ce423a906952]: IDLE"}}
[debug] [2023-04-21T17:23:31.449Z] [work-queue] {"queuedWork":[],"queueLength":0,"runningWork":[],"workRunningCount":0}
[debug] [2023-04-21T17:25:21.044Z] [work-queue] {"queuedWork":["/cleaver-clone/us-central1/api-2023-04-21T17:25:21.044Z"],"queueLength":1,"runningWork":[],"workRunningCount":0}
[debug] [2023-04-21T17:25:21.046Z] [work-queue] {"queuedWork":[],"queueLength":0,"runningWork":["/cleaver-clone/us-central1/api-2023-04-21T17:25:21.044Z"],"workRunningCount":1}
[debug] [2023-04-21T17:25:21.047Z] Accepted request GET /cleaver-clone/us-central1/api --> us-central1-api
[debug] [2023-04-21T17:25:21.063Z] [functions] Runtime ready! Sending request! {"metadata":{"emulator":{"name":"functions"},"message":"[functions] Runtime ready! Sending request!"}}
[debug] [2023-04-21T17:25:21.064Z] [functions] Got req.url=/cleaver-clone/us-central1/api, mapping to path=/ {"metadata":{"emulator":{"name":"functions"},"message":"[functions] Got req.url=/cleaver-clone/us-central1/api, mapping to path=/"}}
[debug] [2023-04-21T17:25:21.065Z] [worker-pool] submitRequest(triggerId=us-central1-api) {"metadata":{"emulator":{"name":"functions"},"message":"[worker-pool] submitRequest(triggerId=us-central1-api)"}}
[info] i  functions: Beginning execution of "us-central1-api" {"metadata":{"emulator":{"name":"functions"},"function":{"name":"us-central1-api"},"extension":{},"message":"Beginning execution of \"us-central1-api\""}}
[debug] [2023-04-21T17:25:21.068Z] [worker-us-central1-api-9fa296e7-c256-4857-bc15-ce423a906952]: BUSY {"metadata":{"emulator":{"name":"functions"},"function":{"name":"us-central1-api"},"extension":{},"message":"[worker-us-central1-api-9fa296e7-c256-4857-bc15-ce423a906952]: BUSY"}}
[info] i  functions: Finished "us-central1-api" in 7.5984ms {"metadata":{"emulator":{"name":"functions"},"function":{"name":"us-central1-api"},"extension":{},"message":"Finished \"us-central1-api\" in 7.5984ms"}}
[debug] [2023-04-21T17:25:21.079Z] [worker-us-central1-api-9fa296e7-c256-4857-bc15-ce423a906952]: IDLE {"metadata":{"emulator":{"name":"functions"},"function":{"name":"us-central1-api"},"extension":{},"message":"[worker-us-central1-api-9fa296e7-c256-4857-bc15-ce423a906952]: IDLE"}}
[debug] [2023-04-21T17:25:21.082Z] [work-queue] {"queuedWork":[],"queueLength":0,"runningWork":[],"workRunningCount":0}
[debug] [2023-04-21T17:27:41.770Z] [work-queue] {"queuedWork":["/cleaver-clone/us-central1/api-2023-04-21T17:27:41.770Z"],"queueLength":1,"runningWork":[],"workRunningCount":0}
[debug] [2023-04-21T17:27:41.771Z] [work-queue] {"queuedWork":[],"queueLength":0,"runningWork":["/cleaver-clone/us-central1/api-2023-04-21T17:27:41.770Z"],"workRunningCount":1}
[debug] [2023-04-21T17:27:41.771Z] Accepted request GET /cleaver-clone/us-central1/api --> us-central1-api
[debug] [2023-04-21T17:27:41.786Z] [functions] Runtime ready! Sending request! {"metadata":{"emulator":{"name":"functions"},"message":"[functions] Runtime ready! Sending request!"}}
[debug] [2023-04-21T17:27:41.787Z] [functions] Got req.url=/cleaver-clone/us-central1/api, mapping to path=/ {"metadata":{"emulator":{"name":"functions"},"message":"[functions] Got req.url=/cleaver-clone/us-central1/api, mapping to path=/"}}
[debug] [2023-04-21T17:27:41.787Z] [worker-pool] submitRequest(triggerId=us-central1-api) {"metadata":{"emulator":{"name":"functions"},"message":"[worker-pool] submitRequest(triggerId=us-central1-api)"}}
[info] i  functions: Beginning execution of "us-central1-api" {"metadata":{"emulator":{"name":"functions"},"function":{"name":"us-central1-api"},"extension":{},"message":"Beginning execution of \"us-central1-api\""}}
[debug] [2023-04-21T17:27:41.790Z] [worker-us-central1-api-9fa296e7-c256-4857-bc15-ce423a906952]: BUSY {"metadata":{"emulator":{"name":"functions"},"function":{"name":"us-central1-api"},"extension":{},"message":"[worker-us-central1-api-9fa296e7-c256-4857-bc15-ce423a906952]: BUSY"}}
[info] i  functions: Finished "us-central1-api" in 8.3643ms {"metadata":{"emulator":{"name":"functions"},"function":{"name":"us-central1-api"},"extension":{},"message":"Finished \"us-central1-api\" in 8.3643ms"}}
[debug] [2023-04-21T17:27:41.800Z] [worker-us-central1-api-9fa296e7-c256-4857-bc15-ce423a906952]: IDLE {"metadata":{"emulator":{"name":"functions"},"function":{"name":"us-central1-api"},"extension":{},"message":"[worker-us-central1-api-9fa296e7-c256-4857-bc15-ce423a906952]: IDLE"}}
[debug] [2023-04-21T17:27:41.801Z] [work-queue] {"queuedWork":[],"queueLength":0,"runningWork":[],"workRunningCount":0}
[debug] [2023-04-21T17:30:52.441Z] [work-queue] {"queuedWork":["/cleaver-clone/us-central1/api/payments/create-2023-04-21T17:30:52.440Z"],"queueLength":1,"runningWork":[],"workRunningCount":0}
[debug] [2023-04-21T17:30:52.442Z] [work-queue] {"queuedWork":[],"queueLength":0,"runningWork":["/cleaver-clone/us-central1/api/payments/create-2023-04-21T17:30:52.440Z"],"workRunningCount":1}
[debug] [2023-04-21T17:30:52.442Z] Accepted request POST /cleaver-clone/us-central1/api/payments/create?total=111800 --> us-central1-api
[debug] [2023-04-21T17:30:52.467Z] [functions] Runtime ready! Sending request! {"metadata":{"emulator":{"name":"functions"},"message":"[functions] Runtime ready! Sending request!"}}
[debug] [2023-04-21T17:30:52.468Z] [functions] Got req.url=/cleaver-clone/us-central1/api/payments/create?total=111800, mapping to path=/payments/create?total=111800 {"metadata":{"emulator":{"name":"functions"},"message":"[functions] Got req.url=/cleaver-clone/us-central1/api/payments/create?total=111800, mapping to path=/payments/create?total=111800"}}
[debug] [2023-04-21T17:30:52.469Z] [worker-pool] submitRequest(triggerId=us-central1-api) {"metadata":{"emulator":{"name":"functions"},"message":"[worker-pool] submitRequest(triggerId=us-central1-api)"}}
[info] i  functions: Beginning execution of "us-central1-api" {"metadata":{"emulator":{"name":"functions"},"function":{"name":"us-central1-api"},"extension":{},"message":"Beginning execution of \"us-central1-api\""}}
[debug] [2023-04-21T17:30:52.475Z] [worker-us-central1-api-9fa296e7-c256-4857-bc15-ce423a906952]: BUSY {"metadata":{"emulator":{"name":"functions"},"function":{"name":"us-central1-api"},"extension":{},"message":"[worker-us-central1-api-9fa296e7-c256-4857-bc15-ce423a906952]: BUSY"}}
[debug] [2023-04-21T17:30:52.486Z] [work-queue] {"queuedWork":["/cleaver-clone/us-central1/api/payments/create-2023-04-21T17:30:52.486Z"],"queueLength":1,"runningWork":["/cleaver-clone/us-central1/api/payments/create-2023-04-21T17:30:52.440Z"],"workRunningCount":1}
[debug] [2023-04-21T17:30:52.487Z] [work-queue] {"queuedWork":[],"queueLength":0,"runningWork":["/cleaver-clone/us-central1/api/payments/create-2023-04-21T17:30:52.440Z","/cleaver-clone/us-central1/api/payments/create-2023-04-21T17:30:52.486Z"],"workRunningCount":2}
[debug] [2023-04-21T17:30:52.488Z] Accepted request POST /cleaver-clone/us-central1/api/payments/create?total=111800 --> us-central1-api
[debug] [2023-04-21T17:30:52.510Z] [functions] Runtime ready! Sending request! {"metadata":{"emulator":{"name":"functions"},"message":"[functions] Runtime ready! Sending request!"}}
[debug] [2023-04-21T17:30:52.510Z] [functions] Got req.url=/cleaver-clone/us-central1/api/payments/create?total=111800, mapping to path=/payments/create?total=111800 {"metadata":{"emulator":{"name":"functions"},"message":"[functions] Got req.url=/cleaver-clone/us-central1/api/payments/create?total=111800, mapping to path=/payments/create?total=111800"}}
[debug] [2023-04-21T17:30:52.534Z] [worker-pool] addWorker(us-central1-api) {"metadata":{"emulator":{"name":"functions"},"message":"[worker-pool] addWorker(us-central1-api)"}}
[debug] [2023-04-21T17:30:52.535Z] [worker-pool] Adding worker with key us-central1-api, total=2 {"metadata":{"emulator":{"name":"functions"},"message":"[worker-pool] Adding worker with key us-central1-api, total=2"}}
[info] >  payment request recieved BOOHOOOO!!! for this amount >>> 111800 {"user":"payment request recieved BOOHOOOO!!! for this amount >>> 111800","metadata":{"emulator":{"name":"functions"},"function":{"name":"us-central1-api"},"extension":{},"message":"\u001b[90m> \u001b[39m payment request recieved BOOHOOOO!!! for this amount >>> 111800"}}
[info] i  functions: Finished "us-central1-api" in 1022.8595ms {"metadata":{"emulator":{"name":"functions"},"function":{"name":"us-central1-api"},"extension":{},"message":"Finished \"us-central1-api\" in 1022.8595ms"}}
[debug] [2023-04-21T17:30:53.505Z] [worker-us-central1-api-9fa296e7-c256-4857-bc15-ce423a906952]: IDLE {"metadata":{"emulator":{"name":"functions"},"function":{"name":"us-central1-api"},"extension":{},"message":"[worker-us-central1-api-9fa296e7-c256-4857-bc15-ce423a906952]: IDLE"}}
[debug] [2023-04-21T17:30:53.505Z] [work-queue] {"queuedWork":[],"queueLength":0,"runningWork":["/cleaver-clone/us-central1/api/payments/create-2023-04-21T17:30:52.486Z"],"workRunningCount":1}
[debug] [2023-04-21T17:30:54.954Z] [runtime-status] [17056] Resolved module firebase-admin {"declared":true,"installed":true,"version":"11.5.0","resolution":"C:\\Evangadi\\Final Projects\\CleaverProgrammer\\cleaver-amazon\\functions\\node_modules\\firebase-admin\\lib\\index.js"} {"metadata":{"emulator":{"name":"functions"},"function":{"name":"us-central1-api"},"extension":{},"message":"[runtime-status] [17056] Resolved module firebase-admin {\"declared\":true,\"installed\":true,\"version\":\"11.5.0\",\"resolution\":\"C:\\\\Evangadi\\\\Final Projects\\\\CleaverProgrammer\\\\cleaver-amazon\\\\functions\\\\node_modules\\\\firebase-admin\\\\lib\\\\index.js\"}"}}
[debug] [2023-04-21T17:30:54.957Z] [runtime-status] [17056] Resolved module firebase-functions {"declared":true,"installed":true,"version":"4.2.1","resolution":"C:\\Evangadi\\Final Projects\\CleaverProgrammer\\cleaver-amazon\\functions\\node_modules\\firebase-functions\\lib\\v1\\index.js"} {"metadata":{"emulator":{"name":"functions"},"function":{"name":"us-central1-api"},"extension":{},"message":"[runtime-status] [17056] Resolved module firebase-functions {\"declared\":true,\"installed\":true,\"version\":\"4.2.1\",\"resolution\":\"C:\\\\Evangadi\\\\Final Projects\\\\CleaverProgrammer\\\\cleaver-amazon\\\\functions\\\\node_modules\\\\firebase-functions\\\\lib\\\\v1\\\\index.js\"}"}}
[debug] [2023-04-21T17:30:54.958Z] [runtime-status] [17056] Outgoing network have been stubbed. [{"name":"http","status":"mocked"},{"name":"http","status":"mocked"},{"name":"https","status":"mocked"},{"name":"https","status":"mocked"},{"name":"net","status":"mocked"}] {"metadata":{"emulator":{"name":"functions"},"function":{"name":"us-central1-api"},"extension":{},"message":"[runtime-status] [17056] Outgoing network have been stubbed. [{\"name\":\"http\",\"status\":\"mocked\"},{\"name\":\"http\",\"status\":\"mocked\"},{\"name\":\"https\",\"status\":\"mocked\"},{\"name\":\"https\",\"status\":\"mocked\"},{\"name\":\"net\",\"status\":\"mocked\"}]"}}
[debug] [2023-04-21T17:30:54.960Z] [runtime-status] [17056] Resolved module firebase-functions {"declared":true,"installed":true,"version":"4.2.1","resolution":"C:\\Evangadi\\Final Projects\\CleaverProgrammer\\cleaver-amazon\\functions\\node_modules\\firebase-functions\\lib\\v1\\index.js"} {"metadata":{"emulator":{"name":"functions"},"function":{"name":"us-central1-api"},"extension":{},"message":"[runtime-status] [17056] Resolved module firebase-functions {\"declared\":true,\"installed\":true,\"version\":\"4.2.1\",\"resolution\":\"C:\\\\Evangadi\\\\Final Projects\\\\CleaverProgrammer\\\\cleaver-amazon\\\\functions\\\\node_modules\\\\firebase-functions\\\\lib\\\\v1\\\\index.js\"}"}}
[debug] [2023-04-21T17:30:55.401Z] [runtime-status] [17056] Checked functions.config() {"config":{}} {"metadata":{"emulator":{"name":"functions"},"function":{"name":"us-central1-api"},"extension":{},"message":"[runtime-status] [17056] Checked functions.config() {\"config\":{}}"}}
[debug] [2023-04-21T17:30:55.402Z] [runtime-status] [17056] firebase-functions has been stubbed. {"functionsResolution":{"declared":true,"installed":true,"version":"4.2.1","resolution":"C:\\Evangadi\\Final Projects\\CleaverProgrammer\\cleaver-amazon\\functions\\node_modules\\firebase-functions\\lib\\v1\\index.js"}} {"metadata":{"emulator":{"name":"functions"},"function":{"name":"us-central1-api"},"extension":{},"message":"[runtime-status] [17056] firebase-functions has been stubbed. {\"functionsResolution\":{\"declared\":true,\"installed\":true,\"version\":\"4.2.1\",\"resolution\":\"C:\\\\Evangadi\\\\Final Projects\\\\CleaverProgrammer\\\\cleaver-amazon\\\\functions\\\\node_modules\\\\firebase-functions\\\\lib\\\\v1\\\\index.js\"}}"}}
[debug] [2023-04-21T17:30:55.403Z] [runtime-status] [17056] Resolved module firebase-functions {"declared":true,"installed":true,"version":"4.2.1","resolution":"C:\\Evangadi\\Final Projects\\CleaverProgrammer\\cleaver-amazon\\functions\\node_modules\\firebase-functions\\lib\\v1\\index.js"} {"metadata":{"emulator":{"name":"functions"},"function":{"name":"us-central1-api"},"extension":{},"message":"[runtime-status] [17056] Resolved module firebase-functions {\"declared\":true,\"installed\":true,\"version\":\"4.2.1\",\"resolution\":\"C:\\\\Evangadi\\\\Final Projects\\\\CleaverProgrammer\\\\cleaver-amazon\\\\functions\\\\node_modules\\\\firebase-functions\\\\lib\\\\v1\\\\index.js\"}"}}
[debug] [2023-04-21T17:30:55.406Z] [runtime-status] [17056] Resolved module firebase-admin {"declared":true,"installed":true,"version":"11.5.0","resolution":"C:\\Evangadi\\Final Projects\\CleaverProgrammer\\cleaver-amazon\\functions\\node_modules\\firebase-admin\\lib\\index.js"} {"metadata":{"emulator":{"name":"functions"},"function":{"name":"us-central1-api"},"extension":{},"message":"[runtime-status] [17056] Resolved module firebase-admin {\"declared\":true,\"installed\":true,\"version\":\"11.5.0\",\"resolution\":\"C:\\\\Evangadi\\\\Final Projects\\\\CleaverProgrammer\\\\cleaver-amazon\\\\functions\\\\node_modules\\\\firebase-admin\\\\lib\\\\index.js\"}"}}
[debug] [2023-04-21T17:30:55.412Z] [runtime-status] [17056] Resolved module firebase-functions {"declared":true,"installed":true,"version":"4.2.1","resolution":"C:\\Evangadi\\Final Projects\\CleaverProgrammer\\cleaver-amazon\\functions\\node_modules\\firebase-functions\\lib\\v1\\index.js"} {"metadata":{"emulator":{"name":"functions"},"function":{"name":"us-central1-api"},"extension":{},"message":"[runtime-status] [17056] Resolved module firebase-functions {\"declared\":true,\"installed\":true,\"version\":\"4.2.1\",\"resolution\":\"C:\\\\Evangadi\\\\Final Projects\\\\CleaverProgrammer\\\\cleaver-amazon\\\\functions\\\\node_modules\\\\firebase-functions\\\\lib\\\\v1\\\\index.js\"}"}}
[debug] [2023-04-21T17:30:55.413Z] [runtime-status] [17056] firebase-admin has been stubbed. {"adminResolution":{"declared":true,"installed":true,"version":"11.5.0","resolution":"C:\\Evangadi\\Final Projects\\CleaverProgrammer\\cleaver-amazon\\functions\\node_modules\\firebase-admin\\lib\\index.js"}} {"metadata":{"emulator":{"name":"functions"},"function":{"name":"us-central1-api"},"extension":{},"message":"[runtime-status] [17056] firebase-admin has been stubbed. {\"adminResolution\":{\"declared\":true,\"installed\":true,\"version\":\"11.5.0\",\"resolution\":\"C:\\\\Evangadi\\\\Final Projects\\\\CleaverProgrammer\\\\cleaver-amazon\\\\functions\\\\node_modules\\\\firebase-admin\\\\lib\\\\index.js\"}}"}}
[debug] [2023-04-21T17:30:55.736Z] [runtime-status] [17056] Functions runtime initialized. {"cwd":"C:\\Evangadi\\Final Projects\\CleaverProgrammer\\cleaver-amazon\\functions","node_version":"18.12.1"} {"metadata":{"emulator":{"name":"functions"},"function":{"name":"us-central1-api"},"extension":{},"message":"[runtime-status] [17056] Functions runtime initialized. {\"cwd\":\"C:\\\\Evangadi\\\\Final Projects\\\\CleaverProgrammer\\\\cleaver-amazon\\\\functions\",\"node_version\":\"18.12.1\"}"}}
[debug] [2023-04-21T17:30:55.736Z] [runtime-status] [17056] Listening to port: \\?\pipe\fire_emu_0693a035c77f9774 {"metadata":{"emulator":{"name":"functions"},"function":{"name":"us-central1-api"},"extension":{},"message":"[runtime-status] [17056] Listening to port: \\\\?\\pipe\\fire_emu_0693a035c77f9774"}}
[debug] [2023-04-21T17:30:55.853Z] [worker-us-central1-api-4128c796-4581-476d-8009-c33d5799bec3]: IDLE {"metadata":{"emulator":{"name":"functions"},"function":{"name":"us-central1-api"},"extension":{},"message":"[worker-us-central1-api-4128c796-4581-476d-8009-c33d5799bec3]: IDLE"}}
[debug] [2023-04-21T17:30:55.854Z] [worker-pool] submitRequest(triggerId=us-central1-api) {"metadata":{"emulator":{"name":"functions"},"message":"[worker-pool] submitRequest(triggerId=us-central1-api)"}}
[info] i  functions: Beginning execution of "us-central1-api" {"metadata":{"emulator":{"name":"functions"},"function":{"name":"us-central1-api"},"extension":{},"message":"Beginning execution of \"us-central1-api\""}}
[debug] [2023-04-21T17:30:55.861Z] [worker-us-central1-api-9fa296e7-c256-4857-bc15-ce423a906952]: BUSY {"metadata":{"emulator":{"name":"functions"},"function":{"name":"us-central1-api"},"extension":{},"message":"[worker-us-central1-api-9fa296e7-c256-4857-bc15-ce423a906952]: BUSY"}}
[info] >  payment request recieved BOOHOOOO!!! for this amount >>> 111800 {"user":"payment request recieved BOOHOOOO!!! for this amount >>> 111800","metadata":{"emulator":{"name":"functions"},"function":{"name":"us-central1-api"},"extension":{},"message":"\u001b[90m> \u001b[39m payment request recieved BOOHOOOO!!! for this amount >>> 111800"}}
[info] i  functions: Finished "us-central1-api" in 453.7944ms {"metadata":{"emulator":{"name":"functions"},"function":{"name":"us-central1-api"},"extension":{},"message":"Finished \"us-central1-api\" in 453.7944ms"}}
[debug] [2023-04-21T17:30:56.318Z] [worker-us-central1-api-9fa296e7-c256-4857-bc15-ce423a906952]: IDLE {"metadata":{"emulator":{"name":"functions"},"function":{"name":"us-central1-api"},"extension":{},"message":"[worker-us-central1-api-9fa296e7-c256-4857-bc15-ce423a906952]: IDLE"}}
[debug] [2023-04-21T17:30:56.319Z] [work-queue] {"queuedWork":[],"queueLength":0,"runningWork":[],"workRunningCount":0}
[debug] [2023-04-21T17:31:59.126Z] [work-queue] {"queuedWork":["/cleaver-clone/us-central1/api/payments/create-2023-04-21T17:31:59.126Z"],"queueLength":1,"runningWork":[],"workRunningCount":0}
[debug] [2023-04-21T17:31:59.128Z] [work-queue] {"queuedWork":[],"queueLength":0,"runningWork":["/cleaver-clone/us-central1/api/payments/create-2023-04-21T17:31:59.126Z"],"workRunningCount":1}
[debug] [2023-04-21T17:31:59.128Z] Accepted request POST /cleaver-clone/us-central1/api/payments/create?total=59099 --> us-central1-api
[debug] [2023-04-21T17:31:59.156Z] [functions] Runtime ready! Sending request! {"metadata":{"emulator":{"name":"functions"},"message":"[functions] Runtime ready! Sending request!"}}
[debug] [2023-04-21T17:31:59.157Z] [functions] Got req.url=/cleaver-clone/us-central1/api/payments/create?total=59099, mapping to path=/payments/create?total=59099 {"metadata":{"emulator":{"name":"functions"},"message":"[functions] Got req.url=/cleaver-clone/us-central1/api/payments/create?total=59099, mapping to path=/payments/create?total=59099"}}
[debug] [2023-04-21T17:31:59.159Z] [worker-pool] submitRequest(triggerId=us-central1-api) {"metadata":{"emulator":{"name":"functions"},"message":"[worker-pool] submitRequest(triggerId=us-central1-api)"}}
[info] i  functions: Beginning execution of "us-central1-api" {"metadata":{"emulator":{"name":"functions"},"function":{"name":"us-central1-api"},"extension":{},"message":"Beginning execution of \"us-central1-api\""}}
[debug] [2023-04-21T17:31:59.169Z] [worker-us-central1-api-9fa296e7-c256-4857-bc15-ce423a906952]: BUSY {"metadata":{"emulator":{"name":"functions"},"function":{"name":"us-central1-api"},"extension":{},"message":"[worker-us-central1-api-9fa296e7-c256-4857-bc15-ce423a906952]: BUSY"}}
[debug] [2023-04-21T17:31:59.191Z] [work-queue] {"queuedWork":["/cleaver-clone/us-central1/api/payments/create-2023-04-21T17:31:59.191Z"],"queueLength":1,"runningWork":["/cleaver-clone/us-central1/api/payments/create-2023-04-21T17:31:59.126Z"],"workRunningCount":1}
[debug] [2023-04-21T17:31:59.192Z] [work-queue] {"queuedWork":[],"queueLength":0,"runningWork":["/cleaver-clone/us-central1/api/payments/create-2023-04-21T17:31:59.126Z","/cleaver-clone/us-central1/api/payments/create-2023-04-21T17:31:59.191Z"],"workRunningCount":2}
[debug] [2023-04-21T17:31:59.193Z] Accepted request POST /cleaver-clone/us-central1/api/payments/create?total=59099 --> us-central1-api
[debug] [2023-04-21T17:31:59.223Z] [functions] Runtime ready! Sending request! {"metadata":{"emulator":{"name":"functions"},"message":"[functions] Runtime ready! Sending request!"}}
[debug] [2023-04-21T17:31:59.224Z] [functions] Got req.url=/cleaver-clone/us-central1/api/payments/create?total=59099, mapping to path=/payments/create?total=59099 {"metadata":{"emulator":{"name":"functions"},"message":"[functions] Got req.url=/cleaver-clone/us-central1/api/payments/create?total=59099, mapping to path=/payments/create?total=59099"}}
[debug] [2023-04-21T17:31:59.224Z] [worker-pool] submitRequest(triggerId=us-central1-api) {"metadata":{"emulator":{"name":"functions"},"message":"[worker-pool] submitRequest(triggerId=us-central1-api)"}}
[info] i  functions: Beginning execution of "us-central1-api" {"metadata":{"emulator":{"name":"functions"},"function":{"name":"us-central1-api"},"extension":{},"message":"Beginning execution of \"us-central1-api\""}}
[debug] [2023-04-21T17:31:59.229Z] [worker-us-central1-api-4128c796-4581-476d-8009-c33d5799bec3]: BUSY {"metadata":{"emulator":{"name":"functions"},"function":{"name":"us-central1-api"},"extension":{},"message":"[worker-us-central1-api-4128c796-4581-476d-8009-c33d5799bec3]: BUSY"}}
[info] >  payment request recieved BOOHOOOO!!! for this amount >>> 59099 {"user":"payment request recieved BOOHOOOO!!! for this amount >>> 59099","metadata":{"emulator":{"name":"functions"},"function":{"name":"us-central1-api"},"extension":{},"message":"\u001b[90m> \u001b[39m payment request recieved BOOHOOOO!!! for this amount >>> 59099"}}
[info] >  payment request recieved BOOHOOOO!!! for this amount >>> 59099 {"user":"payment request recieved BOOHOOOO!!! for this amount >>> 59099","metadata":{"emulator":{"name":"functions"},"function":{"name":"us-central1-api"},"extension":{},"message":"\u001b[90m> \u001b[39m payment request recieved BOOHOOOO!!! for this amount >>> 59099"}}
[info] i  functions: Finished "us-central1-api" in 471.9094ms {"metadata":{"emulator":{"name":"functions"},"function":{"name":"us-central1-api"},"extension":{},"message":"Finished \"us-central1-api\" in 471.9094ms"}}
[debug] [2023-04-21T17:31:59.645Z] [worker-us-central1-api-9fa296e7-c256-4857-bc15-ce423a906952]: IDLE {"metadata":{"emulator":{"name":"functions"},"function":{"name":"us-central1-api"},"extension":{},"message":"[worker-us-central1-api-9fa296e7-c256-4857-bc15-ce423a906952]: IDLE"}}
[debug] [2023-04-21T17:31:59.647Z] [work-queue] {"queuedWork":[],"queueLength":0,"runningWork":["/cleaver-clone/us-central1/api/payments/create-2023-04-21T17:31:59.191Z"],"workRunningCount":1}
[info] i  functions: Finished "us-central1-api" in 1148.3625ms {"metadata":{"emulator":{"name":"functions"},"function":{"name":"us-central1-api"},"extension":{},"message":"Finished \"us-central1-api\" in 1148.3625ms"}}
[debug] [2023-04-21T17:32:00.387Z] [worker-us-central1-api-4128c796-4581-476d-8009-c33d5799bec3]: IDLE {"metadata":{"emulator":{"name":"functions"},"function":{"name":"us-central1-api"},"extension":{},"message":"[worker-us-central1-api-4128c796-4581-476d-8009-c33d5799bec3]: IDLE"}}
[debug] [2023-04-21T17:32:00.388Z] [work-queue] {"queuedWork":[],"queueLength":0,"runningWork":[],"workRunningCount":0}
[debug] [2023-04-21T17:33:15.933Z] [work-queue] {"queuedWork":["/cleaver-clone/us-central1/api/payments/create-2023-04-21T17:33:15.933Z"],"queueLength":1,"runningWork":[],"workRunningCount":0}
[debug] [2023-04-21T17:33:15.935Z] [work-queue] {"queuedWork":[],"queueLength":0,"runningWork":["/cleaver-clone/us-central1/api/payments/create-2023-04-21T17:33:15.933Z"],"workRunningCount":1}
[debug] [2023-04-21T17:33:15.936Z] Accepted request POST /cleaver-clone/us-central1/api/payments/create?total=59099 --> us-central1-api
[debug] [2023-04-21T17:33:15.968Z] [functions] Runtime ready! Sending request! {"metadata":{"emulator":{"name":"functions"},"message":"[functions] Runtime ready! Sending request!"}}
[debug] [2023-04-21T17:33:15.969Z] [functions] Got req.url=/cleaver-clone/us-central1/api/payments/create?total=59099, mapping to path=/payments/create?total=59099 {"metadata":{"emulator":{"name":"functions"},"message":"[functions] Got req.url=/cleaver-clone/us-central1/api/payments/create?total=59099, mapping to path=/payments/create?total=59099"}}
[debug] [2023-04-21T17:33:15.970Z] [worker-pool] submitRequest(triggerId=us-central1-api) {"metadata":{"emulator":{"name":"functions"},"message":"[worker-pool] submitRequest(triggerId=us-central1-api)"}}
[info] i  functions: Beginning execution of "us-central1-api" {"metadata":{"emulator":{"name":"functions"},"function":{"name":"us-central1-api"},"extension":{},"message":"Beginning execution of \"us-central1-api\""}}
[debug] [2023-04-21T17:33:15.976Z] [worker-us-central1-api-9fa296e7-c256-4857-bc15-ce423a906952]: BUSY {"metadata":{"emulator":{"name":"functions"},"function":{"name":"us-central1-api"},"extension":{},"message":"[worker-us-central1-api-9fa296e7-c256-4857-bc15-ce423a906952]: BUSY"}}
[debug] [2023-04-21T17:33:15.990Z] [work-queue] {"queuedWork":["/cleaver-clone/us-central1/api/payments/create-2023-04-21T17:33:15.989Z"],"queueLength":1,"runningWork":["/cleaver-clone/us-central1/api/payments/create-2023-04-21T17:33:15.933Z"],"workRunningCount":1}
[debug] [2023-04-21T17:33:15.992Z] [work-queue] {"queuedWork":[],"queueLength":0,"runningWork":["/cleaver-clone/us-central1/api/payments/create-2023-04-21T17:33:15.933Z","/cleaver-clone/us-central1/api/payments/create-2023-04-21T17:33:15.989Z"],"workRunningCount":2}
[debug] [2023-04-21T17:33:15.993Z] Accepted request POST /cleaver-clone/us-central1/api/payments/create?total=59099 --> us-central1-api
[debug] [2023-04-21T17:33:16.040Z] [functions] Runtime ready! Sending request! {"metadata":{"emulator":{"name":"functions"},"message":"[functions] Runtime ready! Sending request!"}}
[debug] [2023-04-21T17:33:16.042Z] [functions] Got req.url=/cleaver-clone/us-central1/api/payments/create?total=59099, mapping to path=/payments/create?total=59099 {"metadata":{"emulator":{"name":"functions"},"message":"[functions] Got req.url=/cleaver-clone/us-central1/api/payments/create?total=59099, mapping to path=/payments/create?total=59099"}}
[debug] [2023-04-21T17:33:16.043Z] [worker-pool] submitRequest(triggerId=us-central1-api) {"metadata":{"emulator":{"name":"functions"},"message":"[worker-pool] submitRequest(triggerId=us-central1-api)"}}
[info] i  functions: Beginning execution of "us-central1-api" {"metadata":{"emulator":{"name":"functions"},"function":{"name":"us-central1-api"},"extension":{},"message":"Beginning execution of \"us-central1-api\""}}
[debug] [2023-04-21T17:33:16.051Z] [worker-us-central1-api-4128c796-4581-476d-8009-c33d5799bec3]: BUSY {"metadata":{"emulator":{"name":"functions"},"function":{"name":"us-central1-api"},"extension":{},"message":"[worker-us-central1-api-4128c796-4581-476d-8009-c33d5799bec3]: BUSY"}}
[info] >  payment request recieved BOOHOOOO!!! for this amount >>> 59099 {"user":"payment request recieved BOOHOOOO!!! for this amount >>> 59099","metadata":{"emulator":{"name":"functions"},"function":{"name":"us-central1-api"},"extension":{},"message":"\u001b[90m> \u001b[39m payment request recieved BOOHOOOO!!! for this amount >>> 59099"}}
[info] >  payment request recieved BOOHOOOO!!! for this amount >>> 59099 {"user":"payment request recieved BOOHOOOO!!! for this amount >>> 59099","metadata":{"emulator":{"name":"functions"},"function":{"name":"us-central1-api"},"extension":{},"message":"\u001b[90m> \u001b[39m payment request recieved BOOHOOOO!!! for this amount >>> 59099"}}
[info] i  functions: Finished "us-central1-api" in 754.4532ms {"metadata":{"emulator":{"name":"functions"},"function":{"name":"us-central1-api"},"extension":{},"message":"Finished \"us-central1-api\" in 754.4532ms"}}
[debug] [2023-04-21T17:33:16.814Z] [worker-us-central1-api-4128c796-4581-476d-8009-c33d5799bec3]: IDLE {"metadata":{"emulator":{"name":"functions"},"function":{"name":"us-central1-api"},"extension":{},"message":"[worker-us-central1-api-4128c796-4581-476d-8009-c33d5799bec3]: IDLE"}}
[debug] [2023-04-21T17:33:16.816Z] [work-queue] {"queuedWork":[],"queueLength":0,"runningWork":["/cleaver-clone/us-central1/api/payments/create-2023-04-21T17:33:15.933Z"],"workRunningCount":1}
[info] i  functions: Finished "us-central1-api" in 846.3444ms {"metadata":{"emulator":{"name":"functions"},"function":{"name":"us-central1-api"},"extension":{},"message":"Finished \"us-central1-api\" in 846.3444ms"}}
[debug] [2023-04-21T17:33:16.828Z] [worker-us-central1-api-9fa296e7-c256-4857-bc15-ce423a906952]: IDLE {"metadata":{"emulator":{"name":"functions"},"function":{"name":"us-central1-api"},"extension":{},"message":"[worker-us-central1-api-9fa296e7-c256-4857-bc15-ce423a906952]: IDLE"}}
[debug] [2023-04-21T17:33:16.829Z] [work-queue] {"queuedWork":[],"queueLength":0,"runningWork":[],"workRunningCount":0}
[debug] [2023-04-21T17:33:35.720Z] [work-queue] {"queuedWork":["/cleaver-clone/us-central1/api/payments/create-2023-04-21T17:33:35.720Z"],"queueLength":1,"runningWork":[],"workRunningCount":0}
[debug] [2023-04-21T17:33:35.721Z] [work-queue] {"queuedWork":[],"queueLength":0,"runningWork":["/cleaver-clone/us-central1/api/payments/create-2023-04-21T17:33:35.720Z"],"workRunningCount":1}
[debug] [2023-04-21T17:33:35.722Z] Accepted request POST /cleaver-clone/us-central1/api/payments/create?total=60498 --> us-central1-api
[debug] [2023-04-21T17:33:35.750Z] [functions] Runtime ready! Sending request! {"metadata":{"emulator":{"name":"functions"},"message":"[functions] Runtime ready! Sending request!"}}
[debug] [2023-04-21T17:33:35.755Z] [functions] Got req.url=/cleaver-clone/us-central1/api/payments/create?total=60498, mapping to path=/payments/create?total=60498 {"metadata":{"emulator":{"name":"functions"},"message":"[functions] Got req.url=/cleaver-clone/us-central1/api/payments/create?total=60498, mapping to path=/payments/create?total=60498"}}
[debug] [2023-04-21T17:33:35.756Z] [worker-pool] submitRequest(triggerId=us-central1-api) {"metadata":{"emulator":{"name":"functions"},"message":"[worker-pool] submitRequest(triggerId=us-central1-api)"}}
[info] i  functions: Beginning execution of "us-central1-api" {"metadata":{"emulator":{"name":"functions"},"function":{"name":"us-central1-api"},"extension":{},"message":"Beginning execution of \"us-central1-api\""}}
[debug] [2023-04-21T17:33:35.760Z] [worker-us-central1-api-9fa296e7-c256-4857-bc15-ce423a906952]: BUSY {"metadata":{"emulator":{"name":"functions"},"function":{"name":"us-central1-api"},"extension":{},"message":"[worker-us-central1-api-9fa296e7-c256-4857-bc15-ce423a906952]: BUSY"}}
[debug] [2023-04-21T17:33:35.769Z] [work-queue] {"queuedWork":["/cleaver-clone/us-central1/api/payments/create-2023-04-21T17:33:35.769Z"],"queueLength":1,"runningWork":["/cleaver-clone/us-central1/api/payments/create-2023-04-21T17:33:35.720Z"],"workRunningCount":1}
[debug] [2023-04-21T17:33:35.770Z] [work-queue] {"queuedWork":[],"queueLength":0,"runningWork":["/cleaver-clone/us-central1/api/payments/create-2023-04-21T17:33:35.720Z","/cleaver-clone/us-central1/api/payments/create-2023-04-21T17:33:35.769Z"],"workRunningCount":2}
[debug] [2023-04-21T17:33:35.770Z] Accepted request POST /cleaver-clone/us-central1/api/payments/create?total=60498 --> us-central1-api
[debug] [2023-04-21T17:33:35.813Z] [functions] Runtime ready! Sending request! {"metadata":{"emulator":{"name":"functions"},"message":"[functions] Runtime ready! Sending request!"}}
[debug] [2023-04-21T17:33:35.814Z] [functions] Got req.url=/cleaver-clone/us-central1/api/payments/create?total=60498, mapping to path=/payments/create?total=60498 {"metadata":{"emulator":{"name":"functions"},"message":"[functions] Got req.url=/cleaver-clone/us-central1/api/payments/create?total=60498, mapping to path=/payments/create?total=60498"}}
[debug] [2023-04-21T17:33:35.815Z] [worker-pool] submitRequest(triggerId=us-central1-api) {"metadata":{"emulator":{"name":"functions"},"message":"[worker-pool] submitRequest(triggerId=us-central1-api)"}}
[info] i  functions: Beginning execution of "us-central1-api" {"metadata":{"emulator":{"name":"functions"},"function":{"name":"us-central1-api"},"extension":{},"message":"Beginning execution of \"us-central1-api\""}}
[debug] [2023-04-21T17:33:35.825Z] [worker-us-central1-api-4128c796-4581-476d-8009-c33d5799bec3]: BUSY {"metadata":{"emulator":{"name":"functions"},"function":{"name":"us-central1-api"},"extension":{},"message":"[worker-us-central1-api-4128c796-4581-476d-8009-c33d5799bec3]: BUSY"}}
[info] >  payment request recieved BOOHOOOO!!! for this amount >>> 60498 {"user":"payment request recieved BOOHOOOO!!! for this amount >>> 60498","metadata":{"emulator":{"name":"functions"},"function":{"name":"us-central1-api"},"extension":{},"message":"\u001b[90m> \u001b[39m payment request recieved BOOHOOOO!!! for this amount >>> 60498"}}
[info] >  payment request recieved BOOHOOOO!!! for this amount >>> 60498 {"user":"payment request recieved BOOHOOOO!!! for this amount >>> 60498","metadata":{"emulator":{"name":"functions"},"function":{"name":"us-central1-api"},"extension":{},"message":"\u001b[90m> \u001b[39m payment request recieved BOOHOOOO!!! for this amount >>> 60498"}}
[info] i  functions: Finished "us-central1-api" in 407.4281ms {"metadata":{"emulator":{"name":"functions"},"function":{"name":"us-central1-api"},"extension":{},"message":"Finished \"us-central1-api\" in 407.4281ms"}}
[debug] [2023-04-21T17:33:36.172Z] [worker-us-central1-api-9fa296e7-c256-4857-bc15-ce423a906952]: IDLE {"metadata":{"emulator":{"name":"functions"},"function":{"name":"us-central1-api"},"extension":{},"message":"[worker-us-central1-api-9fa296e7-c256-4857-bc15-ce423a906952]: IDLE"}}
[debug] [2023-04-21T17:33:36.173Z] [work-queue] {"queuedWork":[],"queueLength":0,"runningWork":["/cleaver-clone/us-central1/api/payments/create-2023-04-21T17:33:35.769Z"],"workRunningCount":1}
[info] i  functions: Finished "us-central1-api" in 426.7258ms {"metadata":{"emulator":{"name":"functions"},"function":{"name":"us-central1-api"},"extension":{},"message":"Finished \"us-central1-api\" in 426.7258ms"}}
[debug] [2023-04-21T17:33:36.256Z] [worker-us-central1-api-4128c796-4581-476d-8009-c33d5799bec3]: IDLE {"metadata":{"emulator":{"name":"functions"},"function":{"name":"us-central1-api"},"extension":{},"message":"[worker-us-central1-api-4128c796-4581-476d-8009-c33d5799bec3]: IDLE"}}
[debug] [2023-04-21T17:33:36.258Z] [work-queue] {"queuedWork":[],"queueLength":0,"runningWork":[],"workRunningCount":0}
[debug] [2023-04-21T17:36:05.259Z] [work-queue] {"queuedWork":["/cleaver-clone/us-central1/api/payments/create-2023-04-21T17:36:05.258Z"],"queueLength":1,"runningWork":[],"workRunningCount":0}
[debug] [2023-04-21T17:36:05.260Z] [work-queue] {"queuedWork":[],"queueLength":0,"runningWork":["/cleaver-clone/us-central1/api/payments/create-2023-04-21T17:36:05.258Z"],"workRunningCount":1}
[debug] [2023-04-21T17:36:05.260Z] Accepted request POST /cleaver-clone/us-central1/api/payments/create?total=57299 --> us-central1-api
[debug] [2023-04-21T17:36:05.287Z] [functions] Runtime ready! Sending request! {"metadata":{"emulator":{"name":"functions"},"message":"[functions] Runtime ready! Sending request!"}}
[debug] [2023-04-21T17:36:05.288Z] [functions] Got req.url=/cleaver-clone/us-central1/api/payments/create?total=57299, mapping to path=/payments/create?total=57299 {"metadata":{"emulator":{"name":"functions"},"message":"[functions] Got req.url=/cleaver-clone/us-central1/api/payments/create?total=57299, mapping to path=/payments/create?total=57299"}}
[debug] [2023-04-21T17:36:05.288Z] [worker-pool] submitRequest(triggerId=us-central1-api) {"metadata":{"emulator":{"name":"functions"},"message":"[worker-pool] submitRequest(triggerId=us-central1-api)"}}
[info] i  functions: Beginning execution of "us-central1-api" {"metadata":{"emulator":{"name":"functions"},"function":{"name":"us-central1-api"},"extension":{},"message":"Beginning execution of \"us-central1-api\""}}
[debug] [2023-04-21T17:36:05.298Z] [worker-us-central1-api-9fa296e7-c256-4857-bc15-ce423a906952]: BUSY {"metadata":{"emulator":{"name":"functions"},"function":{"name":"us-central1-api"},"extension":{},"message":"[worker-us-central1-api-9fa296e7-c256-4857-bc15-ce423a906952]: BUSY"}}
[debug] [2023-04-21T17:36:05.313Z] [work-queue] {"queuedWork":["/cleaver-clone/us-central1/api/payments/create-2023-04-21T17:36:05.313Z"],"queueLength":1,"runningWork":["/cleaver-clone/us-central1/api/payments/create-2023-04-21T17:36:05.258Z"],"workRunningCount":1}
[debug] [2023-04-21T17:36:05.315Z] [work-queue] {"queuedWork":[],"queueLength":0,"runningWork":["/cleaver-clone/us-central1/api/payments/create-2023-04-21T17:36:05.258Z","/cleaver-clone/us-central1/api/payments/create-2023-04-21T17:36:05.313Z"],"workRunningCount":2}
[debug] [2023-04-21T17:36:05.315Z] Accepted request POST /cleaver-clone/us-central1/api/payments/create?total=57299 --> us-central1-api
[debug] [2023-04-21T17:36:05.349Z] [functions] Runtime ready! Sending request! {"metadata":{"emulator":{"name":"functions"},"message":"[functions] Runtime ready! Sending request!"}}
[debug] [2023-04-21T17:36:05.350Z] [functions] Got req.url=/cleaver-clone/us-central1/api/payments/create?total=57299, mapping to path=/payments/create?total=57299 {"metadata":{"emulator":{"name":"functions"},"message":"[functions] Got req.url=/cleaver-clone/us-central1/api/payments/create?total=57299, mapping to path=/payments/create?total=57299"}}
[debug] [2023-04-21T17:36:05.351Z] [worker-pool] submitRequest(triggerId=us-central1-api) {"metadata":{"emulator":{"name":"functions"},"message":"[worker-pool] submitRequest(triggerId=us-central1-api)"}}
[info] i  functions: Beginning execution of "us-central1-api" {"metadata":{"emulator":{"name":"functions"},"function":{"name":"us-central1-api"},"extension":{},"message":"Beginning execution of \"us-central1-api\""}}
[debug] [2023-04-21T17:36:05.378Z] [worker-us-central1-api-4128c796-4581-476d-8009-c33d5799bec3]: BUSY {"metadata":{"emulator":{"name":"functions"},"function":{"name":"us-central1-api"},"extension":{},"message":"[worker-us-central1-api-4128c796-4581-476d-8009-c33d5799bec3]: BUSY"}}
[info] >  payment request recieved BOOHOOOO!!! for this amount >>> 57299 {"user":"payment request recieved BOOHOOOO!!! for this amount >>> 57299","metadata":{"emulator":{"name":"functions"},"function":{"name":"us-central1-api"},"extension":{},"message":"\u001b[90m> \u001b[39m payment request recieved BOOHOOOO!!! for this amount >>> 57299"}}
[info] >  payment request recieved BOOHOOOO!!! for this amount >>> 57299 {"user":"payment request recieved BOOHOOOO!!! for this amount >>> 57299","metadata":{"emulator":{"name":"functions"},"function":{"name":"us-central1-api"},"extension":{},"message":"\u001b[90m> \u001b[39m payment request recieved BOOHOOOO!!! for this amount >>> 57299"}}
[info] i  functions: Finished "us-central1-api" in 850.3269ms {"metadata":{"emulator":{"name":"functions"},"function":{"name":"us-central1-api"},"extension":{},"message":"Finished \"us-central1-api\" in 850.3269ms"}}
[debug] [2023-04-21T17:36:06.153Z] [worker-us-central1-api-9fa296e7-c256-4857-bc15-ce423a906952]: IDLE {"metadata":{"emulator":{"name":"functions"},"function":{"name":"us-central1-api"},"extension":{},"message":"[worker-us-central1-api-9fa296e7-c256-4857-bc15-ce423a906952]: IDLE"}}
[debug] [2023-04-21T17:36:06.154Z] [work-queue] {"queuedWork":[],"queueLength":0,"runningWork":["/cleaver-clone/us-central1/api/payments/create-2023-04-21T17:36:05.313Z"],"workRunningCount":1}
[info] i  functions: Finished "us-central1-api" in 780.0385ms {"metadata":{"emulator":{"name":"functions"},"function":{"name":"us-central1-api"},"extension":{},"message":"Finished \"us-central1-api\" in 780.0385ms"}}
[debug] [2023-04-21T17:36:06.162Z] [worker-us-central1-api-4128c796-4581-476d-8009-c33d5799bec3]: IDLE {"metadata":{"emulator":{"name":"functions"},"function":{"name":"us-central1-api"},"extension":{},"message":"[worker-us-central1-api-4128c796-4581-476d-8009-c33d5799bec3]: IDLE"}}
[debug] [2023-04-21T17:36:06.163Z] [work-queue] {"queuedWork":[],"queueLength":0,"runningWork":[],"workRunningCount":0}
[debug] [2023-04-21T17:41:15.533Z] [work-queue] {"queuedWork":["/cleaver-clone/us-central1/api-2023-04-21T17:41:15.533Z"],"queueLength":1,"runningWork":[],"workRunningCount":0}
[debug] [2023-04-21T17:41:15.533Z] [work-queue] {"queuedWork":[],"queueLength":0,"runningWork":["/cleaver-clone/us-central1/api-2023-04-21T17:41:15.533Z"],"workRunningCount":1}
[debug] [2023-04-21T17:41:15.534Z] Accepted request GET /cleaver-clone/us-central1/api --> us-central1-api
[debug] [2023-04-21T17:41:15.544Z] [functions] Runtime ready! Sending request! {"metadata":{"emulator":{"name":"functions"},"message":"[functions] Runtime ready! Sending request!"}}
[debug] [2023-04-21T17:41:15.544Z] [functions] Got req.url=/cleaver-clone/us-central1/api, mapping to path=/ {"metadata":{"emulator":{"name":"functions"},"message":"[functions] Got req.url=/cleaver-clone/us-central1/api, mapping to path=/"}}
[debug] [2023-04-21T17:41:15.545Z] [worker-pool] submitRequest(triggerId=us-central1-api) {"metadata":{"emulator":{"name":"functions"},"message":"[worker-pool] submitRequest(triggerId=us-central1-api)"}}
[info] i  functions: Beginning execution of "us-central1-api" {"metadata":{"emulator":{"name":"functions"},"function":{"name":"us-central1-api"},"extension":{},"message":"Beginning execution of \"us-central1-api\""}}
[debug] [2023-04-21T17:41:15.546Z] [worker-us-central1-api-9fa296e7-c256-4857-bc15-ce423a906952]: BUSY {"metadata":{"emulator":{"name":"functions"},"function":{"name":"us-central1-api"},"extension":{},"message":"[worker-us-central1-api-9fa296e7-c256-4857-bc15-ce423a906952]: BUSY"}}
[info] i  functions: Finished "us-central1-api" in 4.4033ms {"metadata":{"emulator":{"name":"functions"},"function":{"name":"us-central1-api"},"extension":{},"message":"Finished \"us-central1-api\" in 4.4033ms"}}
[debug] [2023-04-21T17:41:15.552Z] [worker-us-central1-api-9fa296e7-c256-4857-bc15-ce423a906952]: IDLE {"metadata":{"emulator":{"name":"functions"},"function":{"name":"us-central1-api"},"extension":{},"message":"[worker-us-central1-api-9fa296e7-c256-4857-bc15-ce423a906952]: IDLE"}}
[debug] [2023-04-21T17:41:15.552Z] [work-queue] {"queuedWork":[],"queueLength":0,"runningWork":[],"workRunningCount":0}
